{
  "numTotalTestSuites": 6,
  "numPassedTestSuites": 6,
  "numFailedTestSuites": 0,
  "numPendingTestSuites": 0,
  "numTotalTests": 7,
  "numPassedTests": 5,
  "numFailedTests": 2,
  "numPendingTests": 0,
  "numTodoTests": 0,
  "startTime": 1664902228709,
  "success": false,
  "testResults": [
    {
      "assertionResults": [
        {
          "ancestorTitles": [
            "",
            "Testing Create and List Request Functionality -> 312 App"
          ],
          "fullName": " Testing Create and List Request Functionality -> 312 App (5 pts) Create a service request and see if appears on list request page",
          "status": "passed",
          "title": "(5 pts) Create a service request and see if appears on list request page",
          "duration": 355,
          "failureMessages": []
        },
        {
          "ancestorTitles": [
            "",
            "Testing Create and List Request Functionality -> 312 App"
          ],
          "fullName": " Testing Create and List Request Functionality -> 312 App (5 pts) Create a service request and see if appears on list request page and click reset button",
          "status": "passed",
          "title": "(5 pts) Create a service request and see if appears on list request page and click reset button",
          "duration": 91,
          "failureMessages": []
        }
      ],
      "startTime": 1664902230963,
      "endTime": 1664902231409,
      "status": "passed",
      "message": "",
      "name": "C:/Users/Andy/Documents/GitHub/CS484_HW2_Skeleton/src/tests/AddServiceRequestPage.test.jsx"
    },
    {
      "assertionResults": [
        {
          "ancestorTitles": [
            "",
            "Testing List Request Complete Cancel Functions -> 312 App"
          ],
          "fullName": " Testing List Request Complete Cancel Functions -> 312 App (2 pts) Create Service Request and Cancel it - Cancel and check if the request disappears from table",
          "status": "passed",
          "title": "(2 pts) Create Service Request and Cancel it - Cancel and check if the request disappears from table",
          "duration": 144,
          "failureMessages": []
        },
        {
          "ancestorTitles": [
            "",
            "Testing List Request Complete Cancel Functions -> 312 App"
          ],
          "fullName": " Testing List Request Complete Cancel Functions -> 312 App (4 pts) Create Service Request and Complete it - Complete Request and Check CSS",
          "status": "passed",
          "title": "(4 pts) Create Service Request and Complete it - Complete Request and Check CSS",
          "duration": 243,
          "failureMessages": []
        },
        {
          "ancestorTitles": [
            "",
            "Testing List Request Complete Cancel Functions -> 312 App"
          ],
          "fullName": " Testing List Request Complete Cancel Functions -> 312 App (4 pts) Create Service Request and Cancel it - Random Service",
          "status": "passed",
          "title": "(4 pts) Create Service Request and Cancel it - Random Service",
          "duration": 201,
          "failureMessages": []
        }
      ],
      "startTime": 1664902230964,
      "endTime": 1664902231552,
      "status": "passed",
      "message": "",
      "name": "C:/Users/Andy/Documents/GitHub/CS484_HW2_Skeleton/src/tests/ListRequestsTests.test.jsx"
    },
    {
      "assertionResults": [
        {
          "ancestorTitles": [
            "",
            "Test Cases For Charting -> 312 App "
          ],
          "fullName": " Test Cases For Charting -> 312 App  (2 pts) Test Chart Component with initial-data.json data",
          "status": "failed",
          "title": "(2 pts) Test Chart Component with initial-data.json data",
          "duration": 157,
          "failureMessages": [
            "Snapshot `Test Cases For Charting -> 312 App  > (2 pts) Test Chart Component with initial-data.json data 1` mismatched"
          ],
          "location": {
            "line": 24,
            "column": 6
          }
        },
        {
          "ancestorTitles": [
            "",
            "Test Cases For Charting -> 312 App "
          ],
          "fullName": " Test Cases For Charting -> 312 App  (3 pts)Test Chart Component After Appending Some Data to the request",
          "status": "failed",
          "title": "(3 pts)Test Chart Component After Appending Some Data to the request",
          "duration": 226,
          "failureMessages": [
            "Snapshot `Test Cases For Charting -> 312 App  > (3 pts)Test Chart Component After Appending Some Data to the request 1` mismatched"
          ],
          "location": {
            "line": 40,
            "column": 6
          }
        }
      ],
      "startTime": 1664902230965,
      "endTime": 1664902231348,
      "status": "failed",
      "message": "",
      "name": "C:/Users/Andy/Documents/GitHub/CS484_HW2_Skeleton/src/tests/ChartComponentTest.test.jsx"
    }
  ]
}